<?xml version="1.0" encoding="UTF-8"?>
<coverage generated="1779401020021" clover="3.2.0">
  <project timestamp="1779401020021" name="All files">
    <metrics statements="36" coveredstatements="28" conditionals="11" coveredconditionals="3" methods="5" coveredmethods="3" elements="52" coveredelements="34" complexity="0" loc="36" ncloc="36" packages="1" files="1" classes="1"/>
    <file name="helpers.js" path="C:\Users\Eleanor Simmons\OneDrive\la-fosse\week-5-project\project-alpha\client\helpers.js">
      <metrics statements="36" coveredstatements="28" conditionals="11" coveredconditionals="3" methods="5" coveredmethods="3"/>
      <line num="1" count="4" type="stmt"/>
      <line num="2" count="4" type="cond" truecount="1" falsecount="1"/>
      <line num="3" count="4" type="stmt"/>
      <line num="4" count="4" type="stmt"/>
      <line num="7" count="4" type="stmt"/>
      <line num="8" count="4" type="stmt"/>
      <line num="9" count="4" type="stmt"/>
      <line num="11" count="4" type="stmt"/>
      <line num="13" count="4" type="cond" truecount="0" falsecount="1"/>
      <line num="14" count="35" type="stmt"/>
      <line num="15" count="35" type="stmt"/>
      <line num="16" count="35" type="stmt"/>
      <line num="18" count="35" type="stmt"/>
      <line num="24" count="35" type="stmt"/>
      <line num="25" count="0" type="stmt"/>
      <line num="26" count="0" type="stmt"/>
      <line num="32" count="35" type="cond" truecount="1" falsecount="1"/>
      <line num="33" count="35" type="stmt"/>
      <line num="36" count="35" type="cond" truecount="1" falsecount="1"/>
      <line num="37" count="35" type="stmt"/>
      <line num="38" count="35" type="stmt"/>
      <line num="39" count="35" type="stmt"/>
      <line num="40" count="35" type="stmt"/>
      <line num="42" count="0" type="stmt"/>
      <line num="43" count="0" type="stmt"/>
      <line num="47" count="35" type="stmt"/>
      <line num="48" count="35" type="stmt"/>
      <line num="49" count="35" type="stmt"/>
      <line num="50" count="0" type="stmt"/>
      <line num="51" count="0" type="stmt"/>
      <line num="55" count="35" type="stmt"/>
      <line num="56" count="35" type="stmt"/>
      <line num="57" count="35" type="stmt"/>
      <line num="61" count="0" type="stmt"/>
      <line num="62" count="0" type="stmt"/>
      <line num="66" count="4" type="stmt"/>
    </file>
  </project>
</coverage>
