{"C:\\Users\\Eleanor Simmons\\OneDrive\\la-fosse\\week-5-project\\project-alpha\\client\\helpers.js": {"path":"C:\\Users\\Eleanor Simmons\\OneDrive\\la-fosse\\week-5-project\\project-alpha\\client\\helpers.js","statementMap":{"0":{"start":{"line":1,"column":37},"end":{"line":1,"column":52}},"1":{"start":{"line":2,"column":0},"end":{"line":5,"column":1}},"2":{"start":{"line":3,"column":2},"end":{"line":3,"column":35}},"3":{"start":{"line":4,"column":2},"end":{"line":4,"column":35}},"4":{"start":{"line":7,"column":13},"end":{"line":7,"column":28}},"5":{"start":{"line":8,"column":11},"end":{"line":8,"column":33}},"6":{"start":{"line":9,"column":18},"end":{"line":9,"column":34}},"7":{"start":{"line":11,"column":19},"end":{"line":11,"column":52}},"8":{"start":{"line":13,"column":18},"end":{"line":64,"column":1}},"9":{"start":{"line":14,"column":2},"end":{"line":63,"column":3}},"10":{"start":{"line":15,"column":21},"end":{"line":15,"column":52}},"11":{"start":{"line":16,"column":17},"end":{"line":16,"column":52}},"12":{"start":{"line":18,"column":16},"end":{"line":22,"column":6}},"13":{"start":{"line":24,"column":4},"end":{"line":30,"column":6}},"14":{"start":{"line":25,"column":20},"end":{"line":25,"column":33}},"15":{"start":{"line":26,"column":6},"end":{"line":29,"column":8}},"16":{"start":{"line":32,"column":4},"end":{"line":34,"column":5}},"17":{"start":{"line":33,"column":6},"end":{"line":33,"column":52}},"18":{"start":{"line":36,"column":4},"end":{"line":45,"column":5}},"19":{"start":{"line":37,"column":21},"end":{"line":37,"column":50}},"20":{"start":{"line":38,"column":17},"end":{"line":38,"column":50}},"21":{"start":{"line":39,"column":6},"end":{"line":44,"column":7}},"22":{"start":{"line":40,"column":8},"end":{"line":40,"column":28}},"23":{"start":{"line":42,"column":8},"end":{"line":42,"column":68}},"24":{"start":{"line":43,"column":8},"end":{"line":43,"column":20}},"25":{"start":{"line":47,"column":4},"end":{"line":59,"column":7}},"26":{"start":{"line":48,"column":6},"end":{"line":48,"column":53}},"27":{"start":{"line":49,"column":6},"end":{"line":52,"column":9}},"28":{"start":{"line":50,"column":8},"end":{"line":50,"column":47}},"29":{"start":{"line":51,"column":8},"end":{"line":51,"column":21}},"30":{"start":{"line":55,"column":6},"end":{"line":58,"column":15}},"31":{"start":{"line":56,"column":8},"end":{"line":56,"column":75}},"32":{"start":{"line":57,"column":8},"end":{"line":57,"column":21}},"33":{"start":{"line":61,"column":4},"end":{"line":61,"column":48}},"34":{"start":{"line":62,"column":4},"end":{"line":62,"column":16}},"35":{"start":{"line":66,"column":0},"end":{"line":66,"column":31}}},"fnMap":{"0":{"name":"(anonymous_0)","decl":{"start":{"line":13,"column":18},"end":{"line":13,"column":19}},"loc":{"start":{"line":13,"column":53},"end":{"line":64,"column":1}},"line":13},"1":{"name":"(anonymous_1)","decl":{"start":{"line":24,"column":34},"end":{"line":24,"column":35}},"loc":{"start":{"line":24,"column":47},"end":{"line":30,"column":5}},"line":24},"2":{"name":"(anonymous_2)","decl":{"start":{"line":47,"column":23},"end":{"line":47,"column":24}},"loc":{"start":{"line":47,"column":36},"end":{"line":59,"column":5}},"line":47},"3":{"name":"(anonymous_3)","decl":{"start":{"line":49,"column":63},"end":{"line":49,"column":64}},"loc":{"start":{"line":49,"column":69},"end":{"line":52,"column":7}},"line":49},"4":{"name":"(anonymous_4)","decl":{"start":{"line":55,"column":17},"end":{"line":55,"column":18}},"loc":{"start":{"line":55,"column":23},"end":{"line":58,"column":7}},"line":55}},"branchMap":{"0":{"loc":{"start":{"line":2,"column":0},"end":{"line":5,"column":1}},"type":"if","locations":[{"start":{"line":2,"column":0},"end":{"line":5,"column":1}},{"start":{},"end":{}}],"line":2},"1":{"loc":{"start":{"line":13,"column":35},"end":{"line":13,"column":48}},"type":"default-arg","locations":[{"start":{"line":13,"column":44},"end":{"line":13,"column":48}}],"line":13},"2":{"loc":{"start":{"line":27,"column":16},"end":{"line":27,"column":38}},"type":"binary-expr","locations":[{"start":{"line":27,"column":16},"end":{"line":27,"column":28}},{"start":{"line":27,"column":32},"end":{"line":27,"column":38}}],"line":27},"3":{"loc":{"start":{"line":28,"column":17},"end":{"line":28,"column":37}},"type":"binary-expr","locations":[{"start":{"line":28,"column":17},"end":{"line":28,"column":30}},{"start":{"line":28,"column":34},"end":{"line":28,"column":37}}],"line":28},"4":{"loc":{"start":{"line":32,"column":4},"end":{"line":34,"column":5}},"type":"if","locations":[{"start":{"line":32,"column":4},"end":{"line":34,"column":5}},{"start":{},"end":{}}],"line":32},"5":{"loc":{"start":{"line":36,"column":4},"end":{"line":45,"column":5}},"type":"if","locations":[{"start":{"line":36,"column":4},"end":{"line":45,"column":5}},{"start":{},"end":{}}],"line":36}},"s":{"0":5,"1":5,"2":5,"3":5,"4":5,"5":5,"6":5,"7":5,"8":5,"9":40,"10":40,"11":40,"12":40,"13":40,"14":0,"15":0,"16":40,"17":40,"18":40,"19":40,"20":40,"21":40,"22":40,"23":0,"24":0,"25":40,"26":40,"27":40,"28":0,"29":0,"30":40,"31":40,"32":40,"33":0,"34":0,"35":5},"f":{"0":40,"1":0,"2":40,"3":0,"4":40},"b":{"0":[5,0],"1":[0],"2":[0,0],"3":[0,0],"4":[40,0],"5":[40,0]},"_coverageSchema":"1a1c01bbd47fc00a2c39e90264f33305004495a9","hash":"66624790808adcf17524e0aea5b6c414706ff11d"}
}
