TN:
SF:helpers.js
FN:13,(anonymous_0)
FN:24,(anonymous_1)
FN:47,(anonymous_2)
FN:49,(anonymous_3)
FN:55,(anonymous_4)
FNF:5
FNH:3
FNDA:35,(anonymous_0)
FNDA:0,(anonymous_1)
FNDA:35,(anonymous_2)
FNDA:0,(anonymous_3)
FNDA:35,(anonymous_4)
DA:1,4
DA:2,4
DA:3,4
DA:4,4
DA:7,4
DA:8,4
DA:9,4
DA:11,4
DA:13,4
DA:14,35
DA:15,35
DA:16,35
DA:18,35
DA:24,35
DA:25,0
DA:26,0
DA:32,35
DA:33,35
DA:36,35
DA:37,35
DA:38,35
DA:39,35
DA:40,35
DA:42,0
DA:43,0
DA:47,35
DA:48,35
DA:49,35
DA:50,0
DA:51,0
DA:55,35
DA:56,35
DA:57,35
DA:61,0
DA:62,0
DA:66,4
LF:36
LH:28
BRDA:2,0,0,4
BRDA:2,0,1,0
BRDA:13,1,0,0
BRDA:27,2,0,0
BRDA:27,2,1,0
BRDA:28,3,0,0
BRDA:28,3,1,0
BRDA:32,4,0,35
BRDA:32,4,1,0
BRDA:36,5,0,35
BRDA:36,5,1,0
BRF:11
BRH:3
end_of_record
