TN:
SF:helpers.js
FN:13,(anonymous_0)
FN:24,(anonymous_1)
FN:47,(anonymous_2)
FN:49,(anonymous_3)
FN:55,(anonymous_4)
FNF:5
FNH:3
FNDA:40,(anonymous_0)
FNDA:0,(anonymous_1)
FNDA:40,(anonymous_2)
FNDA:0,(anonymous_3)
FNDA:40,(anonymous_4)
DA:1,5
DA:2,5
DA:3,5
DA:4,5
DA:7,5
DA:8,5
DA:9,5
DA:11,5
DA:13,5
DA:14,40
DA:15,40
DA:16,40
DA:18,40
DA:24,40
DA:25,0
DA:26,0
DA:32,40
DA:33,40
DA:36,40
DA:37,40
DA:38,40
DA:39,40
DA:40,40
DA:42,0
DA:43,0
DA:47,40
DA:48,40
DA:49,40
DA:50,0
DA:51,0
DA:55,40
DA:56,40
DA:57,40
DA:61,0
DA:62,0
DA:66,5
LF:36
LH:28
BRDA:2,0,0,5
BRDA:2,0,1,0
BRDA:13,1,0,0
BRDA:27,2,0,0
BRDA:27,2,1,0
BRDA:28,3,0,0
BRDA:28,3,1,0
BRDA:32,4,0,40
BRDA:32,4,1,0
BRDA:36,5,0,40
BRDA:36,5,1,0
BRF:11
BRH:3
end_of_record
